<?xml version="1.0" encoding="UTF-8"?>
<!-- Generated by org.testng.reporters.JUnitReportReporter -->
<testsuite hostname="LK-KAM" failures="0" tests="1" name="Runner.TestRunner" time="21.351" errors="0" timestamp="28 Oct 2018 18:43:19 GMT" skipped="0">
  <testcase classname="Runner.TestRunner" name="feature" time="21.351"/>
</testsuite> <!-- Runner.TestRunner -->
