<?xml version="1.0" encoding="UTF-8"?>
<!-- Generated by org.testng.reporters.JUnitReportReporter -->
<testsuite skipped="0" hostname="LK-KAM" name="Download.SeleniumDownload" tests="1" failures="0" timestamp="03 Nov 2018 08:07:06 GMT" time="48.036" errors="0">
  <testcase name="downloadTest" time="48.036" classname="Download.SeleniumDownload"/>
</testsuite> <!-- Download.SeleniumDownload -->
