<?xml version="1.0" encoding="UTF-8"?>
<!-- Generated by org.testng.reporters.JUnitReportReporter -->
<testsuite skipped="0" hostname="LK-KAM" name="TestingFactoryDesignPattern" tests="2" failures="0" timestamp="27 Oct 2018 12:02:47 GMT" time="26.918" errors="0">
  <testcase name="launchTestAutomationGuruTest" time="6.692" classname="TestingFactoryDesignPattern"/>
  <testcase name="launchYahooTest" time="20.226" classname="TestingFactoryDesignPattern"/>
</testsuite> <!-- TestingFactoryDesignPattern -->
