<?xml version="1.0" encoding="UTF-8"?>
<!-- Generated by org.testng.reporters.JUnitReportReporter -->
<testsuite hostname="LK-KAM" failures="0" tests="1" name="kushan1.ku" time="0.004" errors="0" timestamp="18 Aug 2018 19:33:43 GMT">
  <testcase classname="kushan1.ku" name="test" time="0.004"/>
</testsuite> <!-- kushan1.ku -->
