<?xml version="1.0" encoding="UTF-8"?>
<!-- Generated by org.testng.reporters.JUnitReportReporter -->
<testsuite hostname="LK-KAM" failures="0" tests="1" name="SeleniumBasics.SearchGoogle" time="18.679" errors="0" timestamp="18 Sep 2018 14:17:56 GMT" skipped="0">
  <testcase classname="SeleniumBasics.SearchGoogle" name="bankTest" time="18.679"/>
</testsuite> <!-- SeleniumBasics.SearchGoogle -->
