<?xml version="1.0" encoding="UTF-8"?>
<!-- Generated by org.testng.reporters.JUnitReportReporter -->
<testsuite hostname="LK-KAM" failures="0" tests="1" name="ZipFileTest" time="5.087" errors="0" timestamp="08 Nov 2018 17:28:02 GMT" skipped="0">
  <testcase classname="ZipFileTest" name="testSearch" time="5.087"/>
</testsuite> <!-- ZipFileTest -->
