<?xml version="1.0" encoding="UTF-8"?>
<!-- Generated by org.testng.reporters.JUnitReportReporter -->
<testsuite hostname="LK-KAM" failures="0" tests="1" name="SearchGoogle" time="3.942" errors="0" timestamp="30 Oct 2018 19:35:27 GMT" skipped="0">
  <testcase classname="SearchGoogle" name="testSearch" time="3.942"/>
</testsuite> <!-- SearchGoogle -->
