<?xml version="1.0" encoding="UTF-8"?>
<!-- Generated by org.testng.reporters.JUnitReportReporter -->
<testsuite skipped="0" hostname="LK-KAM" name="SeleniumBasics.BarcodeReading" tests="1" failures="0" timestamp="21 Oct 2018 14:15:30 GMT" time="5.091" errors="0">
  <testcase name="bankTest" time="5.091" classname="SeleniumBasics.BarcodeReading"/>
</testsuite> <!-- SeleniumBasics.BarcodeReading -->
